2019-03-26 14:40:39,352 INFO No binary specified, looking for `pyre.bin` in PATH
2019-03-26 14:40:39,352 INFO Found: `/Users/ExSidius/anaconda3/bin/pyre.bin`
2019-03-26 14:40:39,352 INFO No typeshed specified, looking for it
2019-03-26 14:40:39,353 DEBUG Trying with: `/Users/ExSidius/anaconda3/lib/python3.7/site-packages/pyre_check/pyre_check/typeshed/`
2019-03-26 14:40:39,353 DEBUG Trying with: `/Users/ExSidius/anaconda3/lib/python3.7/site-packages/pyre_check/typeshed/`
2019-03-26 14:40:39,353 DEBUG Trying with: `/Users/ExSidius/anaconda3/lib/python3.7/pyre_check/typeshed/`
2019-03-26 14:40:39,353 DEBUG Trying with: `/Users/ExSidius/anaconda3/lib/pyre_check/typeshed/`
2019-03-26 14:40:39,353 INFO Found: `/Users/ExSidius/anaconda3/lib/pyre_check/typeshed/`
2019-03-26 14:40:39,353 WARNING Setting up a `.pyre_configuration` with `pyre init` may reduce overhead.

2019-03-26 14:40:39,354 DEBUG Running `/Users/ExSidius/anaconda3/bin/pyre.bin check -project-root /Users/ExSidius/Desktop/VisionSystemSimulatorWeb/server -filter-directories . -workers 4 -typeshed /Users/ExSidius/anaconda3/lib/pyre_check/typeshed/ /Users/ExSidius/Desktop/VisionSystemSimulatorWeb/server`
2019-03-26 14:40:39,389 INFO Finding type stubs in `/Users/ExSidius/Desktop/VisionSystemSimulatorWeb/server`...
2019-03-26 14:40:39,396 INFO Finding type stubs in `/Users/ExSidius/anaconda3/lib/pyre_check/typeshed/stdlib`...
2019-03-26 14:40:39,413 INFO Finding type stubs in `/Users/ExSidius/anaconda3/lib/pyre_check/typeshed/third_party`...
2019-03-26 14:40:39,515 INFO Parsing 793 stubs and external sources...
2019-03-26 14:40:39,970 PERFORMANCE Stubs parsed: 0.547908s
2019-03-26 14:40:39,996 INFO Parsing 1 sources in `/Users/ExSidius/Desktop/VisionSystemSimulatorWeb/server`...
2019-03-26 14:40:40,021 PERFORMANCE Sources parsed: 0.027395s
2019-03-26 14:40:40,021 PERFORMANCE Registered ignores: 0.024272s
2019-03-26 14:40:40,126 INFO Building type environment...
2019-03-26 14:40:40,877 PERFORMANCE Full environment built: 0.856193s
2019-03-26 14:40:40,981 INFO Inferring protocol implementations...
2019-03-26 14:40:41,055 PERFORMANCE Inferred protocol implementations: 0.177804s
2019-03-26 14:40:41,159 INFO Adding environment information to shared memory...
2019-03-26 14:40:41,280 PERFORMANCE Added environment to shared memory: 0.225101s
2019-03-26 14:40:41,303 MEMORY Shared memory size (size: 13)
2019-03-26 14:40:41,303 PERFORMANCE Filtered directories: 0.022774s
2019-03-26 14:40:41,303 INFO Checking 1 sources...
2019-03-26 14:40:41,408 INFO Running check `TypeCheck`...
2019-03-26 14:40:41,410 INFO Processed 1 of 1 sources
2019-03-26 14:40:41,410 PERFORMANCE Check_TypeCheck: 0.106662s
2019-03-26 14:40:41,436 PERFORMANCE Analyzed sources: 0.106704s
2019-03-26 14:40:41,448 PERFORMANCE Postprocessed: 0.025951s
2019-03-26 14:40:41,461 PERFORMANCE Check: 2.068602s
2019-03-26 14:40:41,461 ERROR Found 1 type error!

